
*** Running vivado
    with args -log Block_Test_wrapper.vdi -applog -m64 -product Vivado -messageDb vivado.pb -mode batch -source Block_Test_wrapper.tcl -notrace



****** Vivado v2024.2 (64-bit)
  **** SW Build 5239630 on Fri Nov 08 22:35:27 MST 2024
  **** IP Build 5239520 on Sun Nov 10 16:12:51 MST 2024
  **** SharedData Build 5239561 on Fri Nov 08 14:39:27 MST 2024
  **** Start of session at: Tue Aug  5 17:12:18 2025
    ** Copyright 1986-2022 Xilinx, Inc. All Rights Reserved.
    ** Copyright 2022-2024 Advanced Micro Devices, Inc. All Rights Reserved.

source Block_Test_wrapper.tcl -notrace
INFO: [IP_Flow 19-234] Refreshing IP repositories
INFO: [IP_Flow 19-1704] No user IP repositories specified
INFO: [IP_Flow 19-2313] Loaded Vivado IP repository 'D:/Xilinx/Vivado/2024.2/data/ip'.
Command: link_design -top Block_Test_wrapper -part xc7a35tcpg236-1
Design is defaulting to srcset: sources_1
Design is defaulting to constrset: constrs_1
INFO: [Device 21-403] Loading part xc7a35tcpg236-1
INFO: [Project 1-454] Reading design checkpoint 'd:/Code/GLITCH-Software/FPGA/UART/GNSS_and_UART/GNSS_and_UART.gen/sources_1/bd/Block_Test/ip/Block_Test_MUX_2to1_0_4/Block_Test_MUX_2to1_0_4.dcp' for cell 'Block_Test_i/MUX_2to1_0'
INFO: [Project 1-454] Reading design checkpoint 'd:/Code/GLITCH-Software/FPGA/UART/GNSS_and_UART/GNSS_and_UART.gen/sources_1/bd/Block_Test/ip/Block_Test_Switchmod_0_0/Block_Test_Switchmod_0_0.dcp' for cell 'Block_Test_i/Switchmod_0'
INFO: [Project 1-454] Reading design checkpoint 'd:/Code/GLITCH-Software/FPGA/UART/GNSS_and_UART/GNSS_and_UART.gen/sources_1/bd/Block_Test/ip/Block_Test_UART_RXmod_0_0/Block_Test_UART_RXmod_0_0.dcp' for cell 'Block_Test_i/UART_RXmod_0'
INFO: [Project 1-454] Reading design checkpoint 'd:/Code/GLITCH-Software/FPGA/UART/GNSS_and_UART/GNSS_and_UART.gen/sources_1/bd/Block_Test/ip/Block_Test_UART_RXmod_1_0/Block_Test_UART_RXmod_1_0.dcp' for cell 'Block_Test_i/UART_RXmod_1'
INFO: [Project 1-454] Reading design checkpoint 'd:/Code/GLITCH-Software/FPGA/UART/GNSS_and_UART/GNSS_and_UART.gen/sources_1/bd/Block_Test/ip/Block_Test_UART_TXmod_0_0/Block_Test_UART_TXmod_0_0.dcp' for cell 'Block_Test_i/UART_TXmod_0'
INFO: [Project 1-454] Reading design checkpoint 'd:/Code/GLITCH-Software/FPGA/UART/GNSS_and_UART/GNSS_and_UART.gen/sources_1/bd/Block_Test/ip/Block_Test_UART_TXmod_1_0/Block_Test_UART_TXmod_1_0.dcp' for cell 'Block_Test_i/UART_TXmod_1'
Netlist sorting complete. Time (s): cpu = 00:00:00 ; elapsed = 00:00:00.001 . Memory (MB): peak = 544.344 ; gain = 0.000
INFO: [Project 1-479] Netlist was created with Vivado 2024.2
INFO: [Project 1-570] Preparing netlist for logic optimization
Parsing XDC File [D:/Code/GLITCH-Software/FPGA/UART/UART_Test/UART_Test.srcs/constrs_1/new/Constraints.xdc]
Finished Parsing XDC File [D:/Code/GLITCH-Software/FPGA/UART/UART_Test/UART_Test.srcs/constrs_1/new/Constraints.xdc]
INFO: [Opt 31-138] Pushed 0 inverter(s) to 0 load pin(s).
Netlist sorting complete. Time (s): cpu = 00:00:00 ; elapsed = 00:00:00 . Memory (MB): peak = 687.406 ; gain = 0.000
INFO: [Project 1-111] Unisim Transformation Summary:
No Unisim elements were transformed.

14 Infos, 0 Warnings, 0 Critical Warnings and 0 Errors encountered.
link_design completed successfully
Command: opt_design
Attempting to get a license for feature 'Implementation' and/or device 'xc7a35t'
INFO: [Common 17-349] Got license for feature 'Implementation' and/or device 'xc7a35t'
Running DRC as a precondition to command opt_design

Starting DRC Task
INFO: [DRC 23-27] Running DRC with 2 threads
INFO: [Project 1-461] DRC finished with 0 Errors
INFO: [Project 1-462] Please refer to the DRC report (report_drc) for more information.

Time (s): cpu = 00:00:01 ; elapsed = 00:00:01 . Memory (MB): peak = 722.250 ; gain = 34.844

Starting Cache Timing Information Task
INFO: [Timing 38-35] Done setting XDC timing constraints.
Ending Cache Timing Information Task | Checksum: 22617712b

Time (s): cpu = 00:00:07 ; elapsed = 00:00:07 . Memory (MB): peak = 1266.594 ; gain = 544.344

Starting Logic Optimization Task

Phase 1 Initialization

Phase 1.1 Core Generation And Design Setup
Phase 1.1 Core Generation And Design Setup | Checksum: 22617712b

Time (s): cpu = 00:00:00 ; elapsed = 00:00:00.001 . Memory (MB): peak = 1673.312 ; gain = 0.000

Phase 1.2 Setup Constraints And Sort Netlist
Phase 1.2 Setup Constraints And Sort Netlist | Checksum: 22617712b

Time (s): cpu = 00:00:00 ; elapsed = 00:00:00.003 . Memory (MB): peak = 1673.312 ; gain = 0.000
Phase 1 Initialization | Checksum: 22617712b

Time (s): cpu = 00:00:00 ; elapsed = 00:00:00.003 . Memory (MB): peak = 1673.312 ; gain = 0.000

Phase 2 Timer Update And Timing Data Collection

Phase 2.1 Timer Update
Phase 2.1 Timer Update | Checksum: 22617712b

Time (s): cpu = 00:00:00 ; elapsed = 00:00:00.009 . Memory (MB): peak = 1673.312 ; gain = 0.000

Phase 2.2 Timing Data Collection
Phase 2.2 Timing Data Collection | Checksum: 22617712b

Time (s): cpu = 00:00:00 ; elapsed = 00:00:00.013 . Memory (MB): peak = 1673.312 ; gain = 0.000
Phase 2 Timer Update And Timing Data Collection | Checksum: 22617712b

Time (s): cpu = 00:00:00 ; elapsed = 00:00:00.014 . Memory (MB): peak = 1673.312 ; gain = 0.000

Phase 3 Retarget
INFO: [Opt 31-1851] Number of loadless carry chains removed were: 0
INFO: [Opt 31-1834] Total Chains To Be Transformed Were: 0 AND Number of Transformed insts Created are: 0
INFO: [Opt 31-138] Pushed 0 inverter(s) to 0 load pin(s).
INFO: [Opt 31-49] Retargeted 0 cell(s).
Phase 3 Retarget | Checksum: 22cd85f50

Time (s): cpu = 00:00:00 ; elapsed = 00:00:00.023 . Memory (MB): peak = 1673.312 ; gain = 0.000
Retarget | Checksum: 22cd85f50
INFO: [Opt 31-389] Phase Retarget created 1 cells and removed 1 cells

Phase 4 Constant propagation
INFO: [Opt 31-138] Pushed 0 inverter(s) to 0 load pin(s).
Phase 4 Constant propagation | Checksum: 1e1a88e41

Time (s): cpu = 00:00:00 ; elapsed = 00:00:00.027 . Memory (MB): peak = 1673.312 ; gain = 0.000
Constant propagation | Checksum: 1e1a88e41
INFO: [Opt 31-389] Phase Constant propagation created 1 cells and removed 12 cells

Phase 5 Sweep
INFO: [Constraints 18-11670] Building netlist checker database with flags, 0x8
Done building netlist checker database: Time (s): cpu = 00:00:00 ; elapsed = 00:00:00 . Memory (MB): peak = 1673.312 ; gain = 0.000
INFO: [Constraints 18-11670] Building netlist checker database with flags, 0x8
Done building netlist checker database: Time (s): cpu = 00:00:00 ; elapsed = 00:00:00 . Memory (MB): peak = 1673.312 ; gain = 0.000
Phase 5 Sweep | Checksum: 1e6662ed0

Time (s): cpu = 00:00:00 ; elapsed = 00:00:00.034 . Memory (MB): peak = 1673.312 ; gain = 0.000
Sweep | Checksum: 1e6662ed0
INFO: [Opt 31-389] Phase Sweep created 1 cells and removed 6 cells

Phase 6 BUFG optimization
INFO: [Opt 31-194] Inserted BUFG sysclk_IBUF_BUFG_inst to drive 100 load(s) on clock net sysclk_IBUF_BUFG
INFO: [Opt 31-193] Inserted 1 BUFG(s) on clock nets
Phase 6 BUFG optimization | Checksum: 24bbba91a

Time (s): cpu = 00:00:00 ; elapsed = 00:00:00.069 . Memory (MB): peak = 1673.312 ; gain = 0.000
BUFG optimization | Checksum: 24bbba91a
INFO: [Opt 31-662] Phase BUFG optimization created 1 cells of which 1 are BUFGs and removed 0 cells.

Phase 7 Shift Register Optimization
INFO: [Opt 31-1064] SRL Remap converted 0 SRLs to 0 registers and converted 0 registers of register chains to 0 SRLs
Phase 7 Shift Register Optimization | Checksum: 24bbba91a

Time (s): cpu = 00:00:00 ; elapsed = 00:00:00.071 . Memory (MB): peak = 1673.312 ; gain = 0.000
Shift Register Optimization | Checksum: 24bbba91a
INFO: [Opt 31-389] Phase Shift Register Optimization created 0 cells and removed 0 cells

Phase 8 Post Processing Netlist
Phase 8 Post Processing Netlist | Checksum: 1fc38fe28

Time (s): cpu = 00:00:00 ; elapsed = 00:00:00.073 . Memory (MB): peak = 1673.312 ; gain = 0.000
Post Processing Netlist | Checksum: 1fc38fe28
INFO: [Opt 31-389] Phase Post Processing Netlist created 0 cells and removed 0 cells

Phase 9 Finalization

Phase 9.1 Finalizing Design Cores and Updating Shapes
Phase 9.1 Finalizing Design Cores and Updating Shapes | Checksum: 2e249a3ca

Time (s): cpu = 00:00:00 ; elapsed = 00:00:00.081 . Memory (MB): peak = 1673.312 ; gain = 0.000

Phase 9.2 Verifying Netlist Connectivity

Starting Connectivity Check Task

Time (s): cpu = 00:00:00 ; elapsed = 00:00:00.005 . Memory (MB): peak = 1673.312 ; gain = 0.000
Phase 9.2 Verifying Netlist Connectivity | Checksum: 2e249a3ca

Time (s): cpu = 00:00:00 ; elapsed = 00:00:00.087 . Memory (MB): peak = 1673.312 ; gain = 0.000
Phase 9 Finalization | Checksum: 2e249a3ca

Time (s): cpu = 00:00:00 ; elapsed = 00:00:00.087 . Memory (MB): peak = 1673.312 ; gain = 0.000
Opt_design Change Summary
=========================


-------------------------------------------------------------------------------------------------------------------------
|  Phase                        |  #Cells created  |  #Cells Removed  |  #Constrained objects preventing optimizations  |
-------------------------------------------------------------------------------------------------------------------------
|  Retarget                     |               1  |               1  |                                              0  |
|  Constant propagation         |               1  |              12  |                                              0  |
|  Sweep                        |               1  |               6  |                                              0  |
|  BUFG optimization            |               1  |               0  |                                              0  |
|  Shift Register Optimization  |               0  |               0  |                                              0  |
|  Post Processing Netlist      |               0  |               0  |                                              0  |
-------------------------------------------------------------------------------------------------------------------------


Ending Logic Optimization Task | Checksum: 2e249a3ca

Time (s): cpu = 00:00:00 ; elapsed = 00:00:00.089 . Memory (MB): peak = 1673.312 ; gain = 0.000

Starting Power Optimization Task
INFO: [Pwropt 34-132] Skipping clock gating for clocks with a period < 2.00 ns.
Ending Power Optimization Task | Checksum: 2e249a3ca

Time (s): cpu = 00:00:00 ; elapsed = 00:00:00.007 . Memory (MB): peak = 1673.312 ; gain = 0.000

Starting Final Cleanup Task
Ending Final Cleanup Task | Checksum: 2e249a3ca

Time (s): cpu = 00:00:00 ; elapsed = 00:00:00 . Memory (MB): peak = 1673.312 ; gain = 0.000

Starting Netlist Obfuscation Task
Netlist sorting complete. Time (s): cpu = 00:00:00 ; elapsed = 00:00:00.001 . Memory (MB): peak = 1673.312 ; gain = 0.000
Ending Netlist Obfuscation Task | Checksum: 2e249a3ca

Time (s): cpu = 00:00:00 ; elapsed = 00:00:00.001 . Memory (MB): peak = 1673.312 ; gain = 0.000
INFO: [Common 17-83] Releasing license: Implementation
37 Infos, 0 Warnings, 0 Critical Warnings and 0 Errors encountered.
opt_design completed successfully
opt_design: Time (s): cpu = 00:00:11 ; elapsed = 00:00:12 . Memory (MB): peak = 1673.312 ; gain = 985.906
INFO: [Vivado 12-24828] Executing command : report_drc -file Block_Test_wrapper_drc_opted.rpt -pb Block_Test_wrapper_drc_opted.pb -rpx Block_Test_wrapper_drc_opted.rpx
Command: report_drc -file Block_Test_wrapper_drc_opted.rpt -pb Block_Test_wrapper_drc_opted.pb -rpx Block_Test_wrapper_drc_opted.rpx
INFO: [IP_Flow 19-1839] IP Catalog is up to date.
INFO: [DRC 23-27] Running DRC with 2 threads
INFO: [Vivado_Tcl 2-168] The results of DRC are in file D:/Code/GLITCH-Software/FPGA/UART/GNSS_and_UART/GNSS_and_UART.runs/impl_1/Block_Test_wrapper_drc_opted.rpt.
report_drc completed successfully
INFO: [Timing 38-480] Writing timing data to binary archive.
Write ShapeDB Complete: Time (s): cpu = 00:00:00 ; elapsed = 00:00:00.001 . Memory (MB): peak = 1673.312 ; gain = 0.000
Wrote PlaceDB: Time (s): cpu = 00:00:00 ; elapsed = 00:00:00.001 . Memory (MB): peak = 1673.312 ; gain = 0.000
Wrote PulsedLatchDB: Time (s): cpu = 00:00:00 ; elapsed = 00:00:00 . Memory (MB): peak = 1673.312 ; gain = 0.000
Writing XDEF routing.
Writing XDEF routing logical nets.
Writing XDEF routing special nets.
Wrote RouteStorage: Time (s): cpu = 00:00:00 ; elapsed = 00:00:00.015 . Memory (MB): peak = 1673.312 ; gain = 0.000
Wrote Netlist Cache: Time (s): cpu = 00:00:00 ; elapsed = 00:00:00 . Memory (MB): peak = 1673.312 ; gain = 0.000
Wrote Device Cache: Time (s): cpu = 00:00:00 ; elapsed = 00:00:00.006 . Memory (MB): peak = 1673.312 ; gain = 0.000
Write Physdb Complete: Time (s): cpu = 00:00:00 ; elapsed = 00:00:00.034 . Memory (MB): peak = 1673.312 ; gain = 0.000
INFO: [Common 17-1381] The checkpoint 'D:/Code/GLITCH-Software/FPGA/UART/GNSS_and_UART/GNSS_and_UART.runs/impl_1/Block_Test_wrapper_opt.dcp' has been generated.
Command: place_design
Attempting to get a license for feature 'Implementation' and/or device 'xc7a35t'
INFO: [Common 17-349] Got license for feature 'Implementation' and/or device 'xc7a35t'
INFO: [Common 17-83] Releasing license: Implementation
INFO: [DRC 23-27] Running DRC with 2 threads
INFO: [Vivado_Tcl 4-198] DRC finished with 0 Errors
INFO: [Vivado_Tcl 4-199] Please refer to the DRC report (report_drc) for more information.
Running DRC as a precondition to command place_design
INFO: [DRC 23-27] Running DRC with 2 threads
INFO: [Vivado_Tcl 4-198] DRC finished with 0 Errors
INFO: [Vivado_Tcl 4-199] Please refer to the DRC report (report_drc) for more information.
INFO: [Place 30-611] Multithreading enabled for place_design using a maximum of 2 CPUs

Starting Placer Task

Phase 1 Placer Initialization

Phase 1.1 Placer Initialization Netlist Sorting
Netlist sorting complete. Time (s): cpu = 00:00:00 ; elapsed = 00:00:00 . Memory (MB): peak = 1673.312 ; gain = 0.000
Phase 1.1 Placer Initialization Netlist Sorting | Checksum: 229406e1f

Time (s): cpu = 00:00:00 ; elapsed = 00:00:00.001 . Memory (MB): peak = 1673.312 ; gain = 0.000
Netlist sorting complete. Time (s): cpu = 00:00:00 ; elapsed = 00:00:00 . Memory (MB): peak = 1673.312 ; gain = 0.000

Phase 1.2 IO Placement/ Clock Placement/ Build Placer Device
INFO: [Timing 38-35] Done setting XDC timing constraints.
Phase 1.2 IO Placement/ Clock Placement/ Build Placer Device | Checksum: 131b7634b

Time (s): cpu = 00:00:00 ; elapsed = 00:00:00.204 . Memory (MB): peak = 1673.312 ; gain = 0.000

Phase 1.3 Build Placer Netlist Model
Phase 1.3 Build Placer Netlist Model | Checksum: 194bb003d

Time (s): cpu = 00:00:00 ; elapsed = 00:00:00.331 . Memory (MB): peak = 1673.312 ; gain = 0.000

Phase 1.4 Constrain Clocks/Macros
Phase 1.4 Constrain Clocks/Macros | Checksum: 194bb003d

Time (s): cpu = 00:00:00 ; elapsed = 00:00:00.333 . Memory (MB): peak = 1673.312 ; gain = 0.000
Phase 1 Placer Initialization | Checksum: 194bb003d

Time (s): cpu = 00:00:00 ; elapsed = 00:00:00.335 . Memory (MB): peak = 1673.312 ; gain = 0.000

Phase 2 Global Placement

Phase 2.1 Floorplanning
Phase 2.1 Floorplanning | Checksum: 216ea303c

Time (s): cpu = 00:00:00 ; elapsed = 00:00:00.407 . Memory (MB): peak = 1673.312 ; gain = 0.000

Phase 2.2 Update Timing before SLR Path Opt
Phase 2.2 Update Timing before SLR Path Opt | Checksum: 161a635a6

Time (s): cpu = 00:00:00 ; elapsed = 00:00:00.464 . Memory (MB): peak = 1673.312 ; gain = 0.000

Phase 2.3 Post-Processing in Floorplanning
Phase 2.3 Post-Processing in Floorplanning | Checksum: 161a635a6

Time (s): cpu = 00:00:00 ; elapsed = 00:00:00.465 . Memory (MB): peak = 1673.312 ; gain = 0.000

Phase 2.4 Global Place Phase1
Phase 2.4 Global Place Phase1 | Checksum: 207ab0bdd

Time (s): cpu = 00:00:02 ; elapsed = 00:00:01 . Memory (MB): peak = 1673.312 ; gain = 0.000

Phase 2.5 Global Place Phase2

Phase 2.5.1 UpdateTiming Before Physical Synthesis
Phase 2.5.1 UpdateTiming Before Physical Synthesis | Checksum: 207ab0bdd

Time (s): cpu = 00:00:02 ; elapsed = 00:00:01 . Memory (MB): peak = 1673.312 ; gain = 0.000

Phase 2.5.2 Physical Synthesis In Placer
INFO: [Physopt 32-1035] Found 0 LUTNM shape to break, 6 LUT instances to create LUTNM shape
INFO: [Physopt 32-1044] Break lutnm for timing: one critical 0, two critical 0, total 0, new lutff created 0
INFO: [Physopt 32-1138] End 1 Pass. Optimized 2 nets or LUTs. Breaked 0 LUT, combined 2 existing LUTs and moved 0 existing LUT
INFO: [Physopt 32-65] No nets found for high-fanout optimization.
INFO: [Physopt 32-232] Optimized 0 net. Created 0 new instance.
INFO: [Physopt 32-775] End 1 Pass. Optimized 0 net or cell. Created 0 new cell, deleted 0 existing cell and moved 0 existing cell
INFO: [Physopt 32-670] No setup violation found.  DSP Register Optimization was not performed.
INFO: [Physopt 32-670] No setup violation found.  Shift Register to Pipeline Optimization was not performed.
INFO: [Physopt 32-670] No setup violation found.  Shift Register Optimization was not performed.
INFO: [Physopt 32-670] No setup violation found.  BRAM Register Optimization was not performed.
INFO: [Physopt 32-670] No setup violation found.  URAM Register Optimization was not performed.
INFO: [Physopt 32-949] No candidate nets found for dynamic/static region interface net replication
INFO: [Physopt 32-775] End 1 Pass. Optimized 0 net or cell. Created 0 new cell, deleted 0 existing cell and moved 0 existing cell
Netlist sorting complete. Time (s): cpu = 00:00:00 ; elapsed = 00:00:00.001 . Memory (MB): peak = 1673.312 ; gain = 0.000

Summary of Physical Synthesis Optimizations
============================================


-----------------------------------------------------------------------------------------------------------------------------------------------------------
|  Optimization                                     |  Added Cells  |  Removed Cells  |  Optimized Cells/Nets  |  Dont Touch  |  Iterations  |  Elapsed   |
-----------------------------------------------------------------------------------------------------------------------------------------------------------
|  LUT Combining                                    |            0  |              2  |                     2  |           0  |           1  |  00:00:00  |
|  Retime                                           |            0  |              0  |                     0  |           0  |           1  |  00:00:00  |
|  Very High Fanout                                 |            0  |              0  |                     0  |           0  |           1  |  00:00:00  |
|  DSP Register                                     |            0  |              0  |                     0  |           0  |           0  |  00:00:00  |
|  Shift Register to Pipeline                       |            0  |              0  |                     0  |           0  |           0  |  00:00:00  |
|  Shift Register                                   |            0  |              0  |                     0  |           0  |           0  |  00:00:00  |
|  BRAM Register                                    |            0  |              0  |                     0  |           0  |           0  |  00:00:00  |
|  URAM Register                                    |            0  |              0  |                     0  |           0  |           0  |  00:00:00  |
|  Dynamic/Static Region Interface Net Replication  |            0  |              0  |                     0  |           0  |           1  |  00:00:00  |
|  Total                                            |            0  |              2  |                     2  |           0  |           4  |  00:00:00  |
-----------------------------------------------------------------------------------------------------------------------------------------------------------


Phase 2.5.2 Physical Synthesis In Placer | Checksum: 136efb489

Time (s): cpu = 00:00:02 ; elapsed = 00:00:01 . Memory (MB): peak = 1673.312 ; gain = 0.000
Phase 2.5 Global Place Phase2 | Checksum: 175af55d5

Time (s): cpu = 00:00:02 ; elapsed = 00:00:02 . Memory (MB): peak = 1673.312 ; gain = 0.000
Phase 2 Global Placement | Checksum: 175af55d5

Time (s): cpu = 00:00:02 ; elapsed = 00:00:02 . Memory (MB): peak = 1673.312 ; gain = 0.000

Phase 3 Detail Placement

Phase 3.1 Commit Multi Column Macros
Phase 3.1 Commit Multi Column Macros | Checksum: 1c8fc3278

Time (s): cpu = 00:00:02 ; elapsed = 00:00:02 . Memory (MB): peak = 1673.312 ; gain = 0.000

Phase 3.2 Commit Most Macros & LUTRAMs
Phase 3.2 Commit Most Macros & LUTRAMs | Checksum: 1dae610de

Time (s): cpu = 00:00:02 ; elapsed = 00:00:02 . Memory (MB): peak = 1673.312 ; gain = 0.000

Phase 3.3 Area Swap Optimization
Phase 3.3 Area Swap Optimization | Checksum: 185704e65

Time (s): cpu = 00:00:02 ; elapsed = 00:00:02 . Memory (MB): peak = 1673.312 ; gain = 0.000

Phase 3.4 Pipeline Register Optimization
Phase 3.4 Pipeline Register Optimization | Checksum: 19081d3fb

Time (s): cpu = 00:00:02 ; elapsed = 00:00:02 . Memory (MB): peak = 1673.312 ; gain = 0.000

Phase 3.5 Small Shape Detail Placement
Phase 3.5 Small Shape Detail Placement | Checksum: 20dd0550e

Time (s): cpu = 00:00:03 ; elapsed = 00:00:02 . Memory (MB): peak = 1673.312 ; gain = 0.000

Phase 3.6 Re-assign LUT pins
Phase 3.6 Re-assign LUT pins | Checksum: 1ee93350f

Time (s): cpu = 00:00:03 ; elapsed = 00:00:02 . Memory (MB): peak = 1673.312 ; gain = 0.000

Phase 3.7 Pipeline Register Optimization
Phase 3.7 Pipeline Register Optimization | Checksum: 1f985af69

Time (s): cpu = 00:00:03 ; elapsed = 00:00:02 . Memory (MB): peak = 1673.312 ; gain = 0.000
Phase 3 Detail Placement | Checksum: 1f985af69

Time (s): cpu = 00:00:03 ; elapsed = 00:00:02 . Memory (MB): peak = 1673.312 ; gain = 0.000

Phase 4 Post Placement Optimization and Clean-Up

Phase 4.1 Post Commit Optimization
INFO: [Timing 38-35] Done setting XDC timing constraints.

Phase 4.1.1 Post Placement Optimization
Post Placement Optimization Initialization | Checksum: 206e3e2d9

Phase 4.1.1.1 BUFG Insertion

Starting Physical Synthesis Task

Phase 1 Physical Synthesis Initialization
INFO: [Physopt 32-721] Multithreading enabled for phys_opt_design using a maximum of 2 CPUs
INFO: [Physopt 32-619] Estimated Timing Summary | WNS=79.040 | TNS=0.000 |
Phase 1 Physical Synthesis Initialization | Checksum: 20a27a84d

Time (s): cpu = 00:00:00 ; elapsed = 00:00:00.011 . Memory (MB): peak = 1673.312 ; gain = 0.000
INFO: [Place 46-56] BUFG insertion identified 0 candidate nets. Inserted BUFG: 0, Replicated BUFG Driver: 0, Skipped due to Placement/Routing Conflicts: 0, Skipped due to Timing Degradation: 0, Skipped due to netlist editing failed: 0.
Ending Physical Synthesis Task | Checksum: 1e17b26be

Time (s): cpu = 00:00:00 ; elapsed = 00:00:00.013 . Memory (MB): peak = 1673.312 ; gain = 0.000
Phase 4.1.1.1 BUFG Insertion | Checksum: 206e3e2d9

Time (s): cpu = 00:00:03 ; elapsed = 00:00:02 . Memory (MB): peak = 1673.312 ; gain = 0.000

Phase 4.1.1.2 Post Placement Timing Optimization
INFO: [Place 30-746] Post Placement Timing Summary WNS=79.040. For the most accurate timing information please run report_timing.
Phase 4.1.1.2 Post Placement Timing Optimization | Checksum: 1d571b745

Time (s): cpu = 00:00:03 ; elapsed = 00:00:02 . Memory (MB): peak = 1673.312 ; gain = 0.000

Time (s): cpu = 00:00:03 ; elapsed = 00:00:02 . Memory (MB): peak = 1673.312 ; gain = 0.000
Phase 4.1 Post Commit Optimization | Checksum: 1d571b745

Time (s): cpu = 00:00:03 ; elapsed = 00:00:02 . Memory (MB): peak = 1673.312 ; gain = 0.000

Phase 4.2 Post Placement Cleanup
Phase 4.2 Post Placement Cleanup | Checksum: 1d571b745

Time (s): cpu = 00:00:03 ; elapsed = 00:00:02 . Memory (MB): peak = 1673.312 ; gain = 0.000

Phase 4.3 Placer Reporting

Phase 4.3.1 Print Estimated Congestion
INFO: [Place 30-612] Post-Placement Estimated Congestion 
 ____________________________________________________
|           | Global Congestion | Short Congestion  |
| Direction | Region Size       | Region Size       |
|___________|___________________|___________________|
|      North|                1x1|                1x1|
|___________|___________________|___________________|
|      South|                1x1|                1x1|
|___________|___________________|___________________|
|       East|                1x1|                1x1|
|___________|___________________|___________________|
|       West|                1x1|                1x1|
|___________|___________________|___________________|

Phase 4.3.1 Print Estimated Congestion | Checksum: 1d571b745

Time (s): cpu = 00:00:03 ; elapsed = 00:00:02 . Memory (MB): peak = 1673.312 ; gain = 0.000
Phase 4.3 Placer Reporting | Checksum: 1d571b745

Time (s): cpu = 00:00:03 ; elapsed = 00:00:02 . Memory (MB): peak = 1673.312 ; gain = 0.000

Phase 4.4 Final Placement Cleanup
Netlist sorting complete. Time (s): cpu = 00:00:00 ; elapsed = 00:00:00.001 . Memory (MB): peak = 1673.312 ; gain = 0.000

Time (s): cpu = 00:00:03 ; elapsed = 00:00:02 . Memory (MB): peak = 1673.312 ; gain = 0.000
Phase 4 Post Placement Optimization and Clean-Up | Checksum: 1a78b300f

Time (s): cpu = 00:00:03 ; elapsed = 00:00:02 . Memory (MB): peak = 1673.312 ; gain = 0.000
Ending Placer Task | Checksum: fa8b69dd

Time (s): cpu = 00:00:03 ; elapsed = 00:00:02 . Memory (MB): peak = 1673.312 ; gain = 0.000
72 Infos, 0 Warnings, 0 Critical Warnings and 0 Errors encountered.
place_design completed successfully
INFO: [Vivado 12-24838] Running report commands "report_control_sets, report_io, report_utilization" in parallel.
Running report generation with 2 threads.
INFO: [Vivado 12-24828] Executing command : report_io -file Block_Test_wrapper_io_placed.rpt
report_io: Time (s): cpu = 00:00:00 ; elapsed = 00:00:00.039 . Memory (MB): peak = 1673.312 ; gain = 0.000
INFO: [Vivado 12-24828] Executing command : report_utilization -file Block_Test_wrapper_utilization_placed.rpt -pb Block_Test_wrapper_utilization_placed.pb
INFO: [Vivado 12-24828] Executing command : report_control_sets -verbose -file Block_Test_wrapper_control_sets_placed.rpt
report_control_sets: Time (s): cpu = 00:00:00 ; elapsed = 00:00:00.003 . Memory (MB): peak = 1673.312 ; gain = 0.000
INFO: [Timing 38-480] Writing timing data to binary archive.
Write ShapeDB Complete: Time (s): cpu = 00:00:00 ; elapsed = 00:00:00.001 . Memory (MB): peak = 1673.312 ; gain = 0.000
Wrote PlaceDB: Time (s): cpu = 00:00:00 ; elapsed = 00:00:00.014 . Memory (MB): peak = 1673.312 ; gain = 0.000
Wrote PulsedLatchDB: Time (s): cpu = 00:00:00 ; elapsed = 00:00:00 . Memory (MB): peak = 1673.312 ; gain = 0.000
Writing XDEF routing.
Writing XDEF routing logical nets.
Writing XDEF routing special nets.
Wrote RouteStorage: Time (s): cpu = 00:00:00 ; elapsed = 00:00:00.014 . Memory (MB): peak = 1673.312 ; gain = 0.000
Wrote Netlist Cache: Time (s): cpu = 00:00:00 ; elapsed = 00:00:00.001 . Memory (MB): peak = 1673.312 ; gain = 0.000
Wrote Device Cache: Time (s): cpu = 00:00:00 ; elapsed = 00:00:00.006 . Memory (MB): peak = 1673.312 ; gain = 0.000
Write Physdb Complete: Time (s): cpu = 00:00:00 ; elapsed = 00:00:00.045 . Memory (MB): peak = 1673.312 ; gain = 0.000
INFO: [Common 17-1381] The checkpoint 'D:/Code/GLITCH-Software/FPGA/UART/GNSS_and_UART/GNSS_and_UART.runs/impl_1/Block_Test_wrapper_placed.dcp' has been generated.
Command: phys_opt_design
Attempting to get a license for feature 'Implementation' and/or device 'xc7a35t'
INFO: [Common 17-349] Got license for feature 'Implementation' and/or device 'xc7a35t'

Starting Initial Update Timing Task

Time (s): cpu = 00:00:00 ; elapsed = 00:00:00.041 . Memory (MB): peak = 1673.312 ; gain = 0.000
INFO: [Vivado_Tcl 4-2279] Estimated Timing Summary | WNS= 79.040 | TNS= 0.000 | 
INFO: [Vivado_Tcl 4-383] Design worst setup slack (WNS) is greater than or equal to 0.000 ns. All physical synthesis setup optimizations will be skipped.
INFO: [Vivado_Tcl 4-232] No setup violation found. The netlist was not modified.
INFO: [Common 17-83] Releasing license: Implementation
83 Infos, 0 Warnings, 0 Critical Warnings and 0 Errors encountered.
phys_opt_design completed successfully
INFO: [Timing 38-480] Writing timing data to binary archive.
Write ShapeDB Complete: Time (s): cpu = 00:00:00 ; elapsed = 00:00:00.001 . Memory (MB): peak = 1688.777 ; gain = 0.020
Wrote PlaceDB: Time (s): cpu = 00:00:00 ; elapsed = 00:00:00.013 . Memory (MB): peak = 1688.777 ; gain = 0.000
Wrote PulsedLatchDB: Time (s): cpu = 00:00:00 ; elapsed = 00:00:00 . Memory (MB): peak = 1688.777 ; gain = 0.000
Writing XDEF routing.
Writing XDEF routing logical nets.
Writing XDEF routing special nets.
Wrote RouteStorage: Time (s): cpu = 00:00:00 ; elapsed = 00:00:00.015 . Memory (MB): peak = 1688.777 ; gain = 0.000
Wrote Netlist Cache: Time (s): cpu = 00:00:00 ; elapsed = 00:00:00.001 . Memory (MB): peak = 1688.777 ; gain = 0.000
Wrote Device Cache: Time (s): cpu = 00:00:00 ; elapsed = 00:00:00.006 . Memory (MB): peak = 1688.777 ; gain = 0.000
Write Physdb Complete: Time (s): cpu = 00:00:00 ; elapsed = 00:00:00.048 . Memory (MB): peak = 1688.777 ; gain = 0.000
INFO: [Common 17-1381] The checkpoint 'D:/Code/GLITCH-Software/FPGA/UART/GNSS_and_UART/GNSS_and_UART.runs/impl_1/Block_Test_wrapper_physopt.dcp' has been generated.
Command: route_design
Attempting to get a license for feature 'Implementation' and/or device 'xc7a35t'
INFO: [Common 17-349] Got license for feature 'Implementation' and/or device 'xc7a35t'


Starting Routing Task
INFO: [Route 35-254] Multithreading enabled for route_design using a maximum of 2 CPUs

Phase 1 Build RT Design
Checksum: PlaceDB: 154413e0 ConstDB: 0 ShapeSum: 44c5f9a6 RouteDB: a0815c57
Post Restoration Checksum: NetGraph: 9bc232f2 | NumContArr: f6b5b75e | Constraints: c2a8fa9d | Timing: c2a8fa9d
Phase 1 Build RT Design | Checksum: 317c9df8a

Time (s): cpu = 00:00:21 ; elapsed = 00:00:20 . Memory (MB): peak = 1769.895 ; gain = 81.105

Phase 2 Router Initialization

Phase 2.1 Fix Topology Constraints
Phase 2.1 Fix Topology Constraints | Checksum: 317c9df8a

Time (s): cpu = 00:00:21 ; elapsed = 00:00:20 . Memory (MB): peak = 1769.895 ; gain = 81.105

Phase 2.2 Pre Route Cleanup
Phase 2.2 Pre Route Cleanup | Checksum: 317c9df8a

Time (s): cpu = 00:00:21 ; elapsed = 00:00:20 . Memory (MB): peak = 1769.895 ; gain = 81.105
 Number of Nodes with overlaps = 0

Phase 2.3 Update Timing
Phase 2.3 Update Timing | Checksum: 21f6a8142

Time (s): cpu = 00:00:22 ; elapsed = 00:00:21 . Memory (MB): peak = 1799.922 ; gain = 111.133
INFO: [Route 35-416] Intermediate Timing Summary | WNS=79.059 | TNS=0.000  | WHS=-0.144 | THS=-4.763 |


Router Utilization Summary
  Global Vertical Routing Utilization    = 0 %
  Global Horizontal Routing Utilization  = 0 %
  Routable Net Status*
  *Does not include unroutable nets such as driverless and loadless.
  Run report_route_status for detailed report.
  Number of Failed Nets               = 156
    (Failed Nets is the sum of unrouted and partially routed nets)
  Number of Unrouted Nets             = 156
  Number of Partially Routed Nets     = 0
  Number of Node Overlaps             = 0

Phase 2 Router Initialization | Checksum: 17d548fc9

Time (s): cpu = 00:00:22 ; elapsed = 00:00:21 . Memory (MB): peak = 1799.922 ; gain = 111.133

Phase 3 Global Routing
Phase 3 Global Routing | Checksum: 17d548fc9

Time (s): cpu = 00:00:22 ; elapsed = 00:00:21 . Memory (MB): peak = 1799.922 ; gain = 111.133

Phase 4 Initial Routing

Phase 4.1 Initial Net Routing Pass
Phase 4.1 Initial Net Routing Pass | Checksum: 281ac157a

Time (s): cpu = 00:00:22 ; elapsed = 00:00:21 . Memory (MB): peak = 1799.922 ; gain = 111.133
Phase 4 Initial Routing | Checksum: 281ac157a

Time (s): cpu = 00:00:22 ; elapsed = 00:00:21 . Memory (MB): peak = 1799.922 ; gain = 111.133

Phase 5 Rip-up And Reroute

Phase 5.1 Global Iteration 0
 Number of Nodes with overlaps = 17
 Number of Nodes with overlaps = 0
INFO: [Route 35-416] Intermediate Timing Summary | WNS=78.943 | TNS=0.000  | WHS=N/A    | THS=N/A    |

Phase 5.1 Global Iteration 0 | Checksum: 1ab3dc84a

Time (s): cpu = 00:00:22 ; elapsed = 00:00:21 . Memory (MB): peak = 1799.922 ; gain = 111.133

Phase 5.2 Global Iteration 1
 Number of Nodes with overlaps = 0
INFO: [Route 35-416] Intermediate Timing Summary | WNS=78.853 | TNS=0.000  | WHS=N/A    | THS=N/A    |

Phase 5.2 Global Iteration 1 | Checksum: 22fd45c9f

Time (s): cpu = 00:00:22 ; elapsed = 00:00:21 . Memory (MB): peak = 1799.922 ; gain = 111.133
Phase 5 Rip-up And Reroute | Checksum: 22fd45c9f

Time (s): cpu = 00:00:22 ; elapsed = 00:00:21 . Memory (MB): peak = 1799.922 ; gain = 111.133

Phase 6 Delay and Skew Optimization

Phase 6.1 Delay CleanUp
Phase 6.1 Delay CleanUp | Checksum: 22fd45c9f

Time (s): cpu = 00:00:22 ; elapsed = 00:00:21 . Memory (MB): peak = 1799.922 ; gain = 111.133

Phase 6.2 Clock Skew Optimization
Phase 6.2 Clock Skew Optimization | Checksum: 22fd45c9f

Time (s): cpu = 00:00:22 ; elapsed = 00:00:21 . Memory (MB): peak = 1799.922 ; gain = 111.133
Phase 6 Delay and Skew Optimization | Checksum: 22fd45c9f

Time (s): cpu = 00:00:22 ; elapsed = 00:00:21 . Memory (MB): peak = 1799.922 ; gain = 111.133

Phase 7 Post Hold Fix

Phase 7.1 Hold Fix Iter
INFO: [Route 35-416] Intermediate Timing Summary | WNS=78.945 | TNS=0.000  | WHS=0.152  | THS=0.000  |

Phase 7.1 Hold Fix Iter | Checksum: 1d6efdfd8

Time (s): cpu = 00:00:22 ; elapsed = 00:00:21 . Memory (MB): peak = 1799.922 ; gain = 111.133
Phase 7 Post Hold Fix | Checksum: 1d6efdfd8

Time (s): cpu = 00:00:22 ; elapsed = 00:00:21 . Memory (MB): peak = 1799.922 ; gain = 111.133

Phase 8 Route finalize

Router Utilization Summary
  Global Vertical Routing Utilization    = 0.0320497 %
  Global Horizontal Routing Utilization  = 0.0230349 %
  Routable Net Status*
  *Does not include unroutable nets such as driverless and loadless.
  Run report_route_status for detailed report.
  Number of Failed Nets               = 0
    (Failed Nets is the sum of unrouted and partially routed nets)
  Number of Unrouted Nets             = 0
  Number of Partially Routed Nets     = 0
  Number of Node Overlaps             = 0

Phase 8 Route finalize | Checksum: 1d6efdfd8

Time (s): cpu = 00:00:22 ; elapsed = 00:00:21 . Memory (MB): peak = 1799.922 ; gain = 111.133

Phase 9 Verifying routed nets

 Verification completed successfully
Phase 9 Verifying routed nets | Checksum: 1d6efdfd8

Time (s): cpu = 00:00:22 ; elapsed = 00:00:21 . Memory (MB): peak = 1799.922 ; gain = 111.133

Phase 10 Depositing Routes
Phase 10 Depositing Routes | Checksum: 282919132

Time (s): cpu = 00:00:22 ; elapsed = 00:00:21 . Memory (MB): peak = 1799.922 ; gain = 111.133

Phase 11 Post Process Routing
Phase 11 Post Process Routing | Checksum: 282919132

Time (s): cpu = 00:00:22 ; elapsed = 00:00:21 . Memory (MB): peak = 1799.922 ; gain = 111.133

Phase 12 Post Router Timing
INFO: [Route 35-57] Estimated Timing Summary | WNS=78.945 | TNS=0.000  | WHS=0.152  | THS=0.000  |

INFO: [Route 35-327] The final timing numbers are based on the router estimated timing analysis. For a complete and accurate timing signoff, please run report_timing_summary.
Phase 12 Post Router Timing | Checksum: 282919132

Time (s): cpu = 00:00:22 ; elapsed = 00:00:21 . Memory (MB): peak = 1799.922 ; gain = 111.133
Total Elapsed time in route_design: 21.004 secs

Phase 13 Post-Route Event Processing
Phase 13 Post-Route Event Processing | Checksum: baf6c0d6

Time (s): cpu = 00:00:22 ; elapsed = 00:00:21 . Memory (MB): peak = 1799.922 ; gain = 111.133
INFO: [Route 35-16] Router Completed Successfully
Ending Routing Task | Checksum: baf6c0d6

Time (s): cpu = 00:00:22 ; elapsed = 00:00:21 . Memory (MB): peak = 1799.922 ; gain = 111.133

Routing Is Done.
INFO: [Common 17-83] Releasing license: Implementation
95 Infos, 0 Warnings, 0 Critical Warnings and 0 Errors encountered.
route_design completed successfully
route_design: Time (s): cpu = 00:00:22 ; elapsed = 00:00:21 . Memory (MB): peak = 1799.922 ; gain = 111.145
INFO: [Vivado 12-24828] Executing command : report_drc -file Block_Test_wrapper_drc_routed.rpt -pb Block_Test_wrapper_drc_routed.pb -rpx Block_Test_wrapper_drc_routed.rpx
Command: report_drc -file Block_Test_wrapper_drc_routed.rpt -pb Block_Test_wrapper_drc_routed.pb -rpx Block_Test_wrapper_drc_routed.rpx
INFO: [IP_Flow 19-1839] IP Catalog is up to date.
INFO: [DRC 23-27] Running DRC with 2 threads
INFO: [Vivado_Tcl 2-168] The results of DRC are in file D:/Code/GLITCH-Software/FPGA/UART/GNSS_and_UART/GNSS_and_UART.runs/impl_1/Block_Test_wrapper_drc_routed.rpt.
report_drc completed successfully
INFO: [Vivado 12-24828] Executing command : report_methodology -file Block_Test_wrapper_methodology_drc_routed.rpt -pb Block_Test_wrapper_methodology_drc_routed.pb -rpx Block_Test_wrapper_methodology_drc_routed.rpx
Command: report_methodology -file Block_Test_wrapper_methodology_drc_routed.rpt -pb Block_Test_wrapper_methodology_drc_routed.pb -rpx Block_Test_wrapper_methodology_drc_routed.rpx
INFO: [Timing 38-35] Done setting XDC timing constraints.
INFO: [DRC 23-133] Running Methodology with 2 threads
INFO: [Vivado_Tcl 2-1520] The results of Report Methodology are in file D:/Code/GLITCH-Software/FPGA/UART/GNSS_and_UART/GNSS_and_UART.runs/impl_1/Block_Test_wrapper_methodology_drc_routed.rpt.
report_methodology completed successfully
INFO: [Vivado 12-24828] Executing command : report_timing_summary -max_paths 10 -report_unconstrained -file Block_Test_wrapper_timing_summary_routed.rpt -pb Block_Test_wrapper_timing_summary_routed.pb -rpx Block_Test_wrapper_timing_summary_routed.rpx -warn_on_violation 
INFO: [Timing 38-35] Done setting XDC timing constraints.
INFO: [Timing 38-91] UpdateTimingParams: Speed grade: -1, Delay Type: min_max.
INFO: [Timing 38-191] Multithreading enabled for timing update using a maximum of 2 CPUs
INFO: [Vivado 12-24838] Running report commands "report_incremental_reuse, report_route_status" in parallel.
Running report generation with 2 threads.
INFO: [Vivado 12-24828] Executing command : report_incremental_reuse -file Block_Test_wrapper_incremental_reuse_routed.rpt
INFO: [Vivado_Tcl 4-1062] Incremental flow is disabled. No incremental reuse Info to report.
INFO: [Vivado 12-24828] Executing command : report_route_status -file Block_Test_wrapper_route_status.rpt -pb Block_Test_wrapper_route_status.pb
INFO: [Vivado 12-24828] Executing command : report_power -file Block_Test_wrapper_power_routed.rpt -pb Block_Test_wrapper_power_summary_routed.pb -rpx Block_Test_wrapper_power_routed.rpx
Command: report_power -file Block_Test_wrapper_power_routed.rpt -pb Block_Test_wrapper_power_summary_routed.pb -rpx Block_Test_wrapper_power_routed.rpx
Running Vector-less Activity Propagation...

Finished Running Vector-less Activity Propagation
112 Infos, 0 Warnings, 0 Critical Warnings and 0 Errors encountered.
report_power completed successfully
INFO: [Vivado 12-24828] Executing command : report_clock_utilization -file Block_Test_wrapper_clock_utilization_routed.rpt
INFO: [Vivado 12-24828] Executing command : report_bus_skew -warn_on_violation -file Block_Test_wrapper_bus_skew_routed.rpt -pb Block_Test_wrapper_bus_skew_routed.pb -rpx Block_Test_wrapper_bus_skew_routed.rpx
INFO: [Timing 38-91] UpdateTimingParams: Speed grade: -1, Delay Type: min_max.
INFO: [Timing 38-191] Multithreading enabled for timing update using a maximum of 2 CPUs
generate_parallel_reports: Time (s): cpu = 00:00:11 ; elapsed = 00:00:06 . Memory (MB): peak = 1858.609 ; gain = 58.688
INFO: [Timing 38-480] Writing timing data to binary archive.
Write ShapeDB Complete: Time (s): cpu = 00:00:00 ; elapsed = 00:00:00.002 . Memory (MB): peak = 1858.609 ; gain = 0.000
Wrote PlaceDB: Time (s): cpu = 00:00:00 ; elapsed = 00:00:00.014 . Memory (MB): peak = 1858.609 ; gain = 0.000
Wrote PulsedLatchDB: Time (s): cpu = 00:00:00 ; elapsed = 00:00:00 . Memory (MB): peak = 1858.609 ; gain = 0.000
Writing XDEF routing.
Writing XDEF routing logical nets.
Writing XDEF routing special nets.
Wrote RouteStorage: Time (s): cpu = 00:00:00 ; elapsed = 00:00:00.016 . Memory (MB): peak = 1858.609 ; gain = 0.000
Wrote Netlist Cache: Time (s): cpu = 00:00:00 ; elapsed = 00:00:00 . Memory (MB): peak = 1858.609 ; gain = 0.000
Wrote Device Cache: Time (s): cpu = 00:00:00 ; elapsed = 00:00:00.006 . Memory (MB): peak = 1858.609 ; gain = 0.000
Write Physdb Complete: Time (s): cpu = 00:00:00 ; elapsed = 00:00:00.048 . Memory (MB): peak = 1858.609 ; gain = 0.000
INFO: [Common 17-1381] The checkpoint 'D:/Code/GLITCH-Software/FPGA/UART/GNSS_and_UART/GNSS_and_UART.runs/impl_1/Block_Test_wrapper_routed.dcp' has been generated.
INFO: [Common 17-206] Exiting Vivado at Tue Aug  5 17:13:13 2025...

*** Running vivado
    with args -log Block_Test_wrapper.vdi -applog -m64 -product Vivado -messageDb vivado.pb -mode batch -source Block_Test_wrapper.tcl -notrace



****** Vivado v2024.2 (64-bit)
  **** SW Build 5239630 on Fri Nov 08 22:35:27 MST 2024
  **** IP Build 5239520 on Sun Nov 10 16:12:51 MST 2024
  **** SharedData Build 5239561 on Fri Nov 08 14:39:27 MST 2024
  **** Start of session at: Tue Aug  5 17:13:50 2025
    ** Copyright 1986-2022 Xilinx, Inc. All Rights Reserved.
    ** Copyright 2022-2024 Advanced Micro Devices, Inc. All Rights Reserved.

source Block_Test_wrapper.tcl -notrace
Command: open_checkpoint Block_Test_wrapper_routed.dcp
INFO: [Device 21-403] Loading part xc7a35tcpg236-1
Netlist sorting complete. Time (s): cpu = 00:00:00 ; elapsed = 00:00:00.001 . Memory (MB): peak = 533.762 ; gain = 0.000
INFO: [Project 1-479] Netlist was created with Vivado 2024.2
INFO: [Project 1-570] Preparing netlist for logic optimization
Read ShapeDB Complete: Time (s): cpu = 00:00:00 ; elapsed = 00:00:00.003 . Memory (MB): peak = 624.992 ; gain = 0.000
INFO: [Timing 38-478] Restoring timing data from binary archive.
INFO: [Timing 38-479] Binary timing data restore complete.
INFO: [Project 1-856] Restoring constraints from binary archive.
INFO: [Project 1-853] Binary constraint restore complete.
INFO: [Designutils 20-5722] Start Reading Physical Databases.
Reading placement.
Read Netlist Cache: Time (s): cpu = 00:00:00 ; elapsed = 00:00:00 . Memory (MB): peak = 1235.656 ; gain = 0.000
Reading placer database...
Read Device Cache: Time (s): cpu = 00:00:00 ; elapsed = 00:00:00.007 . Memory (MB): peak = 1235.656 ; gain = 0.000
Read PlaceDB: Time (s): cpu = 00:00:00 ; elapsed = 00:00:00.008 . Memory (MB): peak = 1235.656 ; gain = 0.000
Read PulsedLatchDB: Time (s): cpu = 00:00:00 ; elapsed = 00:00:00 . Memory (MB): peak = 1235.656 ; gain = 0.000
Reading routing.
Read RouteStorage: Time (s): cpu = 00:00:00 ; elapsed = 00:00:00.007 . Memory (MB): peak = 1235.656 ; gain = 0.000
Read Physdb Files: Time (s): cpu = 00:00:00 ; elapsed = 00:00:00.037 . Memory (MB): peak = 1235.656 ; gain = 0.000
Restored from archive | CPU: 0.000000 secs | Memory: 0.000000 MB |
Finished XDEF File Restore: Time (s): cpu = 00:00:00 ; elapsed = 00:00:00.099 . Memory (MB): peak = 1235.656 ; gain = 9.688
Netlist sorting complete. Time (s): cpu = 00:00:00 ; elapsed = 00:00:00 . Memory (MB): peak = 1235.656 ; gain = 0.000
INFO: [Project 1-111] Unisim Transformation Summary:
No Unisim elements were transformed.

INFO: [Project 1-604] Checkpoint was created with Vivado v2024.2 (64-bit) build 5239630
open_checkpoint: Time (s): cpu = 00:00:11 ; elapsed = 00:00:13 . Memory (MB): peak = 1235.656 ; gain = 951.984
Command: write_bitstream -force Block_Test_wrapper.bit
Attempting to get a license for feature 'Implementation' and/or device 'xc7a35t'
INFO: [Common 17-349] Got license for feature 'Implementation' and/or device 'xc7a35t'
Running DRC as a precondition to command write_bitstream
INFO: [IP_Flow 19-234] Refreshing IP repositories
INFO: [IP_Flow 19-1704] No user IP repositories specified
INFO: [IP_Flow 19-2313] Loaded Vivado IP repository 'D:/Xilinx/Vivado/2024.2/data/ip'.
INFO: [DRC 23-27] Running DRC with 2 threads
INFO: [Vivado 12-3199] DRC finished with 0 Errors
INFO: [Vivado 12-3200] Please refer to the DRC report (report_drc) for more information.
INFO: [Designutils 20-2272] Running write_bitstream with 2 threads.
Loading data files...
Loading site data...
Loading route data...
Processing options...
Creating bitmap...
Creating bitstream...
Writing bitstream ./Block_Test_wrapper.bit...
INFO: [Vivado 12-1842] Bitgen Completed Successfully.
INFO: [Project 1-1876] WebTalk data collection is mandatory when using a ULT device. To see the specific WebTalk data collected for your design, open the usage_statistics_webtalk.html or usage_statistics_webtalk.xml file in the implementation directory.
INFO: [Common 17-83] Releasing license: Implementation
21 Infos, 0 Warnings, 0 Critical Warnings and 0 Errors encountered.
write_bitstream completed successfully
write_bitstream: Time (s): cpu = 00:00:14 ; elapsed = 00:00:11 . Memory (MB): peak = 1781.074 ; gain = 545.418
INFO: [Common 17-206] Exiting Vivado at Tue Aug  5 17:14:17 2025...
