#-----------------------------------------------------------
# Vivado v2024.2 (64-bit)
# SW Build 5239630 on Fri Nov 08 22:35:27 MST 2024
# IP Build 5239520 on Sun Nov 10 16:12:51 MST 2024
# SharedData Build 5239561 on Fri Nov 08 14:39:27 MST 2024
# Start of session at: Sat Apr  5 13:13:26 2025
# Process ID         : 14544
# Current directory  : C:/Users/Sebastian Magnusson/Documents/GitHub/GLITCH-Software/FPGA/UART/UART_Continuation
# Command line       : vivado.exe -gui_launcher_event rodinguilauncherevent33608 C:\Users\Sebastian Magnusson\Documents\GitHub\GLITCH-Software\FPGA\UART\UART_Continuation\UART_Continuation.xpr
# Log file           : C:/Users/Sebastian Magnusson/Documents/GitHub/GLITCH-Software/FPGA/UART/UART_Continuation/vivado.log
# Journal file       : C:/Users/Sebastian Magnusson/Documents/GitHub/GLITCH-Software/FPGA/UART/UART_Continuation\vivado.jou
# Running On         : LAPTOP-1SQM85NC
# Platform           : Windows Server 2016 or Windows 10
# Operating System   : 26100
# Processor Detail   : 11th Gen Intel(R) Core(TM) i5-1135G7 @ 2.40GHz
# CPU Frequency      : 2419 MHz
# CPU Physical cores : 4
# CPU Logical cores  : 8
# Host memory        : 16861 MB
# Swap memory        : 24696 MB
# Total Virtual      : 41557 MB
# Available Virtual  : 25305 MB
#-----------------------------------------------------------
start_gui
open_project {C:/Users/Sebastian Magnusson/Documents/GitHub/GLITCH-Software/FPGA/UART/UART_Continuation/UART_Continuation.xpr}
INFO: [ProjectBase 1-489] The host OS only allows 260 characters in a normal path. The project is stored in a path with more than 80 characters. If you experience issues with IP, Block Designs, or files not being found, please consider moving the project to a location with a shorter path. Alternately consider using the OS subst command to map part of the path to a drive letter.
Current project path is 'C:/Users/Sebastian Magnusson/Documents/GitHub/GLITCH-Software/FPGA/UART/UART_Continuation'
ERROR: [Vivado 12-106] *** Exception: ui.utils.m: ui.frmwork.cmd.CommandFailedException: boost::filesystem::directory_iterator::construct: The directory name is invalid: "C:/Users/Sebastian" ui.frmwork.cmd.CommandFailedException: boost::filesystem::directory_iterator::construct: The directory name is invalid: "C:/Users/Sebastian"
	at ui.project.projecti.ProjUtils_createBoardPartIter(Native Method)
	at ui.data.b.T(SourceFile:37)
	at ui.views.c.v.g.Me(SourceFile:88)
	at ui.views.i.construct(SourceFile:183)
	at ui.frmwork.E.run(SourceFile:213)
	at java.base/java.lang.Thread.run(Thread.java:1583)
 (See C:/Users/Sebastian Magnusson/Documents/GitHub/GLITCH-Software/FPGA/UART/UART_Continuation/vivado_pid14544.debug)
boost::filesystem::directory_iterator::construct: The directory name is invalid: "C:/Users/Sebastian"
exit
INFO: [Common 17-206] Exiting Vivado at Sat Apr  5 13:14:30 2025...
