#-----------------------------------------------------------
# Vivado v2024.2 (64-bit)
# SW Build 5239630 on Fri Nov 08 22:35:27 MST 2024
# IP Build 5239520 on Sun Nov 10 16:12:51 MST 2024
# SharedData Build 5239561 on Fri Nov 08 14:39:27 MST 2024
# Start of session at: Sat Apr  5 13:39:00 2025
# Process ID         : 38836
# Current directory  : C:/GitHub/GLITCH-Software/FPGA/UART/UART_Continuation
# Command line       : vivado.exe -gui_launcher_event rodinguilauncherevent12920 C:\GitHub\GLITCH-Software\FPGA\UART\UART_Continuation\UART_Continuation.xpr
# Log file           : C:/GitHub/GLITCH-Software/FPGA/UART/UART_Continuation/vivado.log
# Journal file       : C:/GitHub/GLITCH-Software/FPGA/UART/UART_Continuation\vivado.jou
# Running On         : LAPTOP-1SQM85NC
# Platform           : Windows Server 2016 or Windows 10
# Operating System   : 26100
# Processor Detail   : 11th Gen Intel(R) Core(TM) i5-1135G7 @ 2.40GHz
# CPU Frequency      : 2419 MHz
# CPU Physical cores : 4
# CPU Logical cores  : 8
# Host memory        : 16861 MB
# Swap memory        : 24696 MB
# Total Virtual      : 41557 MB
# Available Virtual  : 24559 MB
#-----------------------------------------------------------
start_gui
open_project C:/GitHub/GLITCH-Software/FPGA/UART/UART_Continuation/UART_Continuation.xpr
ERROR: [Vivado 12-106] *** Exception: ui.utils.m: ui.frmwork.cmd.CommandFailedException: boost::filesystem::directory_iterator::construct: The directory name is invalid: "C:/Users/Sebastian" ui.frmwork.cmd.CommandFailedException: boost::filesystem::directory_iterator::construct: The directory name is invalid: "C:/Users/Sebastian"
	at ui.project.projecti.ProjUtils_createBoardPartIter(Native Method)
	at ui.data.b.T(SourceFile:37)
	at ui.views.c.v.g.Me(SourceFile:88)
	at ui.views.i.construct(SourceFile:183)
	at ui.frmwork.E.run(SourceFile:213)
	at java.base/java.lang.Thread.run(Thread.java:1583)
 (See C:/GitHub/GLITCH-Software/FPGA/UART/UART_Continuation/vivado_pid38836.debug)
boost::filesystem::directory_iterator::construct: The directory name is invalid: "C:/Users/Sebastian"
INFO: [Common 17-206] Exiting Vivado at Sat Apr  5 13:39:38 2025...
