
*** Running vivado
    with args -log Block_Test_wrapper.vds -m64 -product Vivado -mode batch -messageDb vivado.pb -notrace -source Block_Test_wrapper.tcl



****** Vivado v2024.2 (64-bit)
  **** SW Build 5239630 on Fri Nov 08 22:35:27 MST 2024
  **** IP Build 5239520 on Sun Nov 10 16:12:51 MST 2024
  **** SharedData Build 5239561 on Fri Nov 08 14:39:27 MST 2024
  **** Start of session at: Tue Aug  5 17:11:11 2025
    ** Copyright 1986-2022 Xilinx, Inc. All Rights Reserved.
    ** Copyright 2022-2024 Advanced Micro Devices, Inc. All Rights Reserved.

source Block_Test_wrapper.tcl -notrace
INFO: [IP_Flow 19-234] Refreshing IP repositories
INFO: [IP_Flow 19-1704] No user IP repositories specified
INFO: [IP_Flow 19-2313] Loaded Vivado IP repository 'D:/Xilinx/Vivado/2024.2/data/ip'.
Command: read_checkpoint -auto_incremental -incremental D:/Code/GLITCH-Software/FPGA/UART/GNSS_and_UART/GNSS_and_UART.srcs/utils_1/imports/synth_1/Block_Test_wrapper.dcp
INFO: [Vivado 12-5825] Read reference checkpoint from D:/Code/GLITCH-Software/FPGA/UART/GNSS_and_UART/GNSS_and_UART.srcs/utils_1/imports/synth_1/Block_Test_wrapper.dcp for incremental synthesis
INFO: [Vivado 12-7989] Please ensure there are no constraint changes
Command: synth_design -top Block_Test_wrapper -part xc7a35tcpg236-1
Starting synth_design
Attempting to get a license for feature 'Synthesis' and/or device 'xc7a35t'
INFO: [Common 17-349] Got license for feature 'Synthesis' and/or device 'xc7a35t'
INFO: [Device 21-403] Loading part xc7a35tcpg236-1
INFO: [Designutils 20-5440] No compile time benefit to using incremental synthesis; A full resynthesis will be run
INFO: [Designutils 20-4379] Flow is switching to default flow due to incremental criteria not met. If you would like to alter this behaviour and have the flow terminate instead, please set the following parameter config_implementation {autoIncr.Synth.RejectBehavior Terminate}
INFO: [Synth 8-7079] Multithreading enabled for synth_design using a maximum of 2 processes.
INFO: [Synth 8-7078] Launching helper process for spawning children vivado processes
WARNING: [Common 17-1361] You have specified a new message control rule that is equivalent to an existing rule with attributes ' -id {17-179}  -suppress '. The existing rule will be replaced.
INFO: [Synth 8-7075] Helper process launched with PID 32416
---------------------------------------------------------------------------------
Starting RTL Elaboration : Time (s): cpu = 00:00:06 ; elapsed = 00:00:06 . Memory (MB): peak = 1003.273 ; gain = 467.668
---------------------------------------------------------------------------------
INFO: [Synth 8-638] synthesizing module 'Block_Test_wrapper' [d:/Code/GLITCH-Software/FPGA/UART/GNSS_and_UART/GNSS_and_UART.gen/sources_1/bd/Block_Test/hdl/Block_Test_wrapper.vhd:29]
INFO: [Synth 8-3491] module 'Block_Test' declared at 'd:/Code/GLITCH-Software/FPGA/UART/GNSS_and_UART/GNSS_and_UART.gen/sources_1/bd/Block_Test/synth/Block_Test.vhd:15' bound to instance 'Block_Test_i' of component 'Block_Test' [d:/Code/GLITCH-Software/FPGA/UART/GNSS_and_UART/GNSS_and_UART.gen/sources_1/bd/Block_Test/hdl/Block_Test_wrapper.vhd:44]
INFO: [Synth 8-638] synthesizing module 'Block_Test' [d:/Code/GLITCH-Software/FPGA/UART/GNSS_and_UART/GNSS_and_UART.gen/sources_1/bd/Block_Test/synth/Block_Test.vhd:33]
INFO: [Synth 8-3491] module 'Block_Test_MUX_2to1_0_4' declared at 'D:/Code/GLITCH-Software/FPGA/UART/GNSS_and_UART/GNSS_and_UART.runs/synth_1/.Xil/Vivado-28288-DESKTOP-TTFS3R7/realtime/Block_Test_MUX_2to1_0_4_stub.vhdl:6' bound to instance 'MUX_2to1_0' of component 'Block_Test_MUX_2to1_0_4' [d:/Code/GLITCH-Software/FPGA/UART/GNSS_and_UART/GNSS_and_UART.gen/sources_1/bd/Block_Test/synth/Block_Test.vhd:100]
INFO: [Synth 8-638] synthesizing module 'Block_Test_MUX_2to1_0_4' [D:/Code/GLITCH-Software/FPGA/UART/GNSS_and_UART/GNSS_and_UART.runs/synth_1/.Xil/Vivado-28288-DESKTOP-TTFS3R7/realtime/Block_Test_MUX_2to1_0_4_stub.vhdl:28]
INFO: [Synth 8-3491] module 'Block_Test_Switchmod_0_0' declared at 'D:/Code/GLITCH-Software/FPGA/UART/GNSS_and_UART/GNSS_and_UART.runs/synth_1/.Xil/Vivado-28288-DESKTOP-TTFS3R7/realtime/Block_Test_Switchmod_0_0_stub.vhdl:6' bound to instance 'Switchmod_0' of component 'Block_Test_Switchmod_0_0' [d:/Code/GLITCH-Software/FPGA/UART/GNSS_and_UART/GNSS_and_UART.gen/sources_1/bd/Block_Test/synth/Block_Test.vhd:111]
INFO: [Synth 8-638] synthesizing module 'Block_Test_Switchmod_0_0' [D:/Code/GLITCH-Software/FPGA/UART/GNSS_and_UART/GNSS_and_UART.runs/synth_1/.Xil/Vivado-28288-DESKTOP-TTFS3R7/realtime/Block_Test_Switchmod_0_0_stub.vhdl:24]
INFO: [Synth 8-3491] module 'Block_Test_UART_RXmod_0_0' declared at 'D:/Code/GLITCH-Software/FPGA/UART/GNSS_and_UART/GNSS_and_UART.runs/synth_1/.Xil/Vivado-28288-DESKTOP-TTFS3R7/realtime/Block_Test_UART_RXmod_0_0_stub.vhdl:6' bound to instance 'UART_RXmod_0' of component 'Block_Test_UART_RXmod_0_0' [d:/Code/GLITCH-Software/FPGA/UART/GNSS_and_UART/GNSS_and_UART.gen/sources_1/bd/Block_Test/synth/Block_Test.vhd:118]
INFO: [Synth 8-638] synthesizing module 'Block_Test_UART_RXmod_0_0' [D:/Code/GLITCH-Software/FPGA/UART/GNSS_and_UART/GNSS_and_UART.runs/synth_1/.Xil/Vivado-28288-DESKTOP-TTFS3R7/realtime/Block_Test_UART_RXmod_0_0_stub.vhdl:24]
INFO: [Synth 8-3491] module 'Block_Test_UART_RXmod_1_0' declared at 'D:/Code/GLITCH-Software/FPGA/UART/GNSS_and_UART/GNSS_and_UART.runs/synth_1/.Xil/Vivado-28288-DESKTOP-TTFS3R7/realtime/Block_Test_UART_RXmod_1_0_stub.vhdl:6' bound to instance 'UART_RXmod_1' of component 'Block_Test_UART_RXmod_1_0' [d:/Code/GLITCH-Software/FPGA/UART/GNSS_and_UART/GNSS_and_UART.gen/sources_1/bd/Block_Test/synth/Block_Test.vhd:125]
INFO: [Synth 8-638] synthesizing module 'Block_Test_UART_RXmod_1_0' [D:/Code/GLITCH-Software/FPGA/UART/GNSS_and_UART/GNSS_and_UART.runs/synth_1/.Xil/Vivado-28288-DESKTOP-TTFS3R7/realtime/Block_Test_UART_RXmod_1_0_stub.vhdl:24]
INFO: [Synth 8-3491] module 'Block_Test_UART_TXmod_0_0' declared at 'D:/Code/GLITCH-Software/FPGA/UART/GNSS_and_UART/GNSS_and_UART.runs/synth_1/.Xil/Vivado-28288-DESKTOP-TTFS3R7/realtime/Block_Test_UART_TXmod_0_0_stub.vhdl:6' bound to instance 'UART_TXmod_0' of component 'Block_Test_UART_TXmod_0_0' [d:/Code/GLITCH-Software/FPGA/UART/GNSS_and_UART/GNSS_and_UART.gen/sources_1/bd/Block_Test/synth/Block_Test.vhd:132]
INFO: [Synth 8-638] synthesizing module 'Block_Test_UART_TXmod_0_0' [D:/Code/GLITCH-Software/FPGA/UART/GNSS_and_UART/GNSS_and_UART.runs/synth_1/.Xil/Vivado-28288-DESKTOP-TTFS3R7/realtime/Block_Test_UART_TXmod_0_0_stub.vhdl:26]
INFO: [Synth 8-3491] module 'Block_Test_UART_TXmod_1_0' declared at 'D:/Code/GLITCH-Software/FPGA/UART/GNSS_and_UART/GNSS_and_UART.runs/synth_1/.Xil/Vivado-28288-DESKTOP-TTFS3R7/realtime/Block_Test_UART_TXmod_1_0_stub.vhdl:6' bound to instance 'UART_TXmod_1' of component 'Block_Test_UART_TXmod_1_0' [d:/Code/GLITCH-Software/FPGA/UART/GNSS_and_UART/GNSS_and_UART.gen/sources_1/bd/Block_Test/synth/Block_Test.vhd:141]
INFO: [Synth 8-638] synthesizing module 'Block_Test_UART_TXmod_1_0' [D:/Code/GLITCH-Software/FPGA/UART/GNSS_and_UART/GNSS_and_UART.runs/synth_1/.Xil/Vivado-28288-DESKTOP-TTFS3R7/realtime/Block_Test_UART_TXmod_1_0_stub.vhdl:26]
INFO: [Synth 8-256] done synthesizing module 'Block_Test' (0#1) [d:/Code/GLITCH-Software/FPGA/UART/GNSS_and_UART/GNSS_and_UART.gen/sources_1/bd/Block_Test/synth/Block_Test.vhd:33]
INFO: [Synth 8-256] done synthesizing module 'Block_Test_wrapper' (0#1) [d:/Code/GLITCH-Software/FPGA/UART/GNSS_and_UART/GNSS_and_UART.gen/sources_1/bd/Block_Test/hdl/Block_Test_wrapper.vhd:29]
---------------------------------------------------------------------------------
Finished RTL Elaboration : Time (s): cpu = 00:00:07 ; elapsed = 00:00:08 . Memory (MB): peak = 1107.984 ; gain = 572.379
---------------------------------------------------------------------------------
---------------------------------------------------------------------------------
Start Handling Custom Attributes
---------------------------------------------------------------------------------
---------------------------------------------------------------------------------
Finished Handling Custom Attributes : Time (s): cpu = 00:00:07 ; elapsed = 00:00:08 . Memory (MB): peak = 1107.984 ; gain = 572.379
---------------------------------------------------------------------------------
---------------------------------------------------------------------------------
Finished RTL Optimization Phase 1 : Time (s): cpu = 00:00:07 ; elapsed = 00:00:08 . Memory (MB): peak = 1107.984 ; gain = 572.379
---------------------------------------------------------------------------------
Netlist sorting complete. Time (s): cpu = 00:00:00 ; elapsed = 00:00:00 . Memory (MB): peak = 1107.984 ; gain = 0.000
INFO: [Project 1-570] Preparing netlist for logic optimization

Processing XDC Constraints
Initializing timing engine
Parsing XDC File [d:/Code/GLITCH-Software/FPGA/UART/GNSS_and_UART/GNSS_and_UART.gen/sources_1/bd/Block_Test/ip/Block_Test_UART_RXmod_0_0/Block_Test_UART_RXmod_0_0/Block_Test_UART_RXmod_0_0_in_context.xdc] for cell 'Block_Test_i/UART_RXmod_0'
Finished Parsing XDC File [d:/Code/GLITCH-Software/FPGA/UART/GNSS_and_UART/GNSS_and_UART.gen/sources_1/bd/Block_Test/ip/Block_Test_UART_RXmod_0_0/Block_Test_UART_RXmod_0_0/Block_Test_UART_RXmod_0_0_in_context.xdc] for cell 'Block_Test_i/UART_RXmod_0'
Parsing XDC File [d:/Code/GLITCH-Software/FPGA/UART/GNSS_and_UART/GNSS_and_UART.gen/sources_1/bd/Block_Test/ip/Block_Test_UART_TXmod_0_0/Block_Test_UART_TXmod_0_0/Block_Test_UART_TXmod_0_0_in_context.xdc] for cell 'Block_Test_i/UART_TXmod_0'
Finished Parsing XDC File [d:/Code/GLITCH-Software/FPGA/UART/GNSS_and_UART/GNSS_and_UART.gen/sources_1/bd/Block_Test/ip/Block_Test_UART_TXmod_0_0/Block_Test_UART_TXmod_0_0/Block_Test_UART_TXmod_0_0_in_context.xdc] for cell 'Block_Test_i/UART_TXmod_0'
Parsing XDC File [d:/Code/GLITCH-Software/FPGA/UART/GNSS_and_UART/GNSS_and_UART.gen/sources_1/bd/Block_Test/ip/Block_Test_Switchmod_0_0/Block_Test_Switchmod_0_0/Block_Test_Switchmod_0_0_in_context.xdc] for cell 'Block_Test_i/Switchmod_0'
Finished Parsing XDC File [d:/Code/GLITCH-Software/FPGA/UART/GNSS_and_UART/GNSS_and_UART.gen/sources_1/bd/Block_Test/ip/Block_Test_Switchmod_0_0/Block_Test_Switchmod_0_0/Block_Test_Switchmod_0_0_in_context.xdc] for cell 'Block_Test_i/Switchmod_0'
Parsing XDC File [d:/Code/GLITCH-Software/FPGA/UART/GNSS_and_UART/GNSS_and_UART.gen/sources_1/bd/Block_Test/ip/Block_Test_UART_TXmod_1_0/Block_Test_UART_TXmod_1_0/Block_Test_UART_TXmod_1_0_in_context.xdc] for cell 'Block_Test_i/UART_TXmod_1'
Finished Parsing XDC File [d:/Code/GLITCH-Software/FPGA/UART/GNSS_and_UART/GNSS_and_UART.gen/sources_1/bd/Block_Test/ip/Block_Test_UART_TXmod_1_0/Block_Test_UART_TXmod_1_0/Block_Test_UART_TXmod_1_0_in_context.xdc] for cell 'Block_Test_i/UART_TXmod_1'
Parsing XDC File [d:/Code/GLITCH-Software/FPGA/UART/GNSS_and_UART/GNSS_and_UART.gen/sources_1/bd/Block_Test/ip/Block_Test_UART_RXmod_1_0/Block_Test_UART_RXmod_1_0/Block_Test_UART_RXmod_1_0_in_context.xdc] for cell 'Block_Test_i/UART_RXmod_1'
Finished Parsing XDC File [d:/Code/GLITCH-Software/FPGA/UART/GNSS_and_UART/GNSS_and_UART.gen/sources_1/bd/Block_Test/ip/Block_Test_UART_RXmod_1_0/Block_Test_UART_RXmod_1_0/Block_Test_UART_RXmod_1_0_in_context.xdc] for cell 'Block_Test_i/UART_RXmod_1'
Parsing XDC File [d:/Code/GLITCH-Software/FPGA/UART/GNSS_and_UART/GNSS_and_UART.gen/sources_1/bd/Block_Test/ip/Block_Test_MUX_2to1_0_4/Block_Test_MUX_2to1_0_4/Block_Test_MUX_2to1_0_4_in_context.xdc] for cell 'Block_Test_i/MUX_2to1_0'
Finished Parsing XDC File [d:/Code/GLITCH-Software/FPGA/UART/GNSS_and_UART/GNSS_and_UART.gen/sources_1/bd/Block_Test/ip/Block_Test_MUX_2to1_0_4/Block_Test_MUX_2to1_0_4/Block_Test_MUX_2to1_0_4_in_context.xdc] for cell 'Block_Test_i/MUX_2to1_0'
Parsing XDC File [D:/Code/GLITCH-Software/FPGA/UART/UART_Test/UART_Test.srcs/constrs_1/new/Constraints.xdc]
Finished Parsing XDC File [D:/Code/GLITCH-Software/FPGA/UART/UART_Test/UART_Test.srcs/constrs_1/new/Constraints.xdc]
INFO: [Project 1-236] Implementation specific constraints were found while reading constraint file [D:/Code/GLITCH-Software/FPGA/UART/UART_Test/UART_Test.srcs/constrs_1/new/Constraints.xdc]. These constraints will be ignored for synthesis but will be used in implementation. Impacted constraints are listed in the file [.Xil/Block_Test_wrapper_propImpl.xdc].
Resolution: To avoid this warning, move constraints listed in [.Xil/Block_Test_wrapper_propImpl.xdc] to another XDC file and exclude this new file from synthesis with the used_in_synthesis property (File Properties dialog in GUI) and re-run elaboration/synthesis.
Parsing XDC File [D:/Code/GLITCH-Software/FPGA/UART/GNSS_and_UART/GNSS_and_UART.runs/synth_1/dont_touch.xdc]
Finished Parsing XDC File [D:/Code/GLITCH-Software/FPGA/UART/GNSS_and_UART/GNSS_and_UART.runs/synth_1/dont_touch.xdc]
Completed Processing XDC Constraints

Netlist sorting complete. Time (s): cpu = 00:00:00 ; elapsed = 00:00:00 . Memory (MB): peak = 1111.301 ; gain = 0.000
INFO: [Project 1-111] Unisim Transformation Summary:
No Unisim elements were transformed.

Constraint Validation Runtime : Time (s): cpu = 00:00:00 ; elapsed = 00:00:00.004 . Memory (MB): peak = 1111.301 ; gain = 0.000
INFO: [Designutils 20-5440] No compile time benefit to using incremental synthesis; A full resynthesis will be run
INFO: [Designutils 20-4379] Flow is switching to default flow due to incremental criteria not met. If you would like to alter this behaviour and have the flow terminate instead, please set the following parameter config_implementation {autoIncr.Synth.RejectBehavior Terminate}
---------------------------------------------------------------------------------
Finished Constraint Validation : Time (s): cpu = 00:00:16 ; elapsed = 00:00:17 . Memory (MB): peak = 1111.301 ; gain = 575.695
---------------------------------------------------------------------------------
---------------------------------------------------------------------------------
Start Loading Part and Timing Information
---------------------------------------------------------------------------------
Loading part: xc7a35tcpg236-1
---------------------------------------------------------------------------------
Finished Loading Part and Timing Information : Time (s): cpu = 00:00:16 ; elapsed = 00:00:17 . Memory (MB): peak = 1111.301 ; gain = 575.695
---------------------------------------------------------------------------------
---------------------------------------------------------------------------------
Start Applying 'set_property' XDC Constraints
---------------------------------------------------------------------------------
Applied set_property KEEP_HIERARCHY = SOFT for Block_Test_i. (constraint file  auto generated constraint).
Applied set_property KEEP_HIERARCHY = SOFT for Block_Test_i/UART_RXmod_0. (constraint file  auto generated constraint).
Applied set_property KEEP_HIERARCHY = SOFT for Block_Test_i/UART_TXmod_0. (constraint file  auto generated constraint).
Applied set_property KEEP_HIERARCHY = SOFT for Block_Test_i/Switchmod_0. (constraint file  auto generated constraint).
Applied set_property KEEP_HIERARCHY = SOFT for Block_Test_i/UART_TXmod_1. (constraint file  auto generated constraint).
Applied set_property KEEP_HIERARCHY = SOFT for Block_Test_i/UART_RXmod_1. (constraint file  auto generated constraint).
Applied set_property KEEP_HIERARCHY = SOFT for Block_Test_i/MUX_2to1_0. (constraint file  auto generated constraint).
---------------------------------------------------------------------------------
Finished applying 'set_property' XDC Constraints : Time (s): cpu = 00:00:16 ; elapsed = 00:00:17 . Memory (MB): peak = 1111.301 ; gain = 575.695
---------------------------------------------------------------------------------
---------------------------------------------------------------------------------
Finished RTL Optimization Phase 2 : Time (s): cpu = 00:00:16 ; elapsed = 00:00:17 . Memory (MB): peak = 1111.301 ; gain = 575.695
---------------------------------------------------------------------------------
---------------------------------------------------------------------------------
Start RTL Component Statistics 
---------------------------------------------------------------------------------
Detailed RTL Component Info : 
---------------------------------------------------------------------------------
Finished RTL Component Statistics 
---------------------------------------------------------------------------------
---------------------------------------------------------------------------------
Start Part Resource Summary
---------------------------------------------------------------------------------
Part Resources:
DSPs: 90 (col length:60)
BRAMs: 100 (col length: RAMB18 60 RAMB36 30)
---------------------------------------------------------------------------------
Finished Part Resource Summary
---------------------------------------------------------------------------------
---------------------------------------------------------------------------------
Start Cross Boundary and Area Optimization
---------------------------------------------------------------------------------
WARNING: [Synth 8-7080] Parallel synthesis criteria is not met
---------------------------------------------------------------------------------
Finished Cross Boundary and Area Optimization : Time (s): cpu = 00:00:18 ; elapsed = 00:00:19 . Memory (MB): peak = 1117.191 ; gain = 581.586
---------------------------------------------------------------------------------
---------------------------------------------------------------------------------
Start Applying XDC Timing Constraints
---------------------------------------------------------------------------------
---------------------------------------------------------------------------------
Finished Applying XDC Timing Constraints : Time (s): cpu = 00:00:24 ; elapsed = 00:00:25 . Memory (MB): peak = 1289.508 ; gain = 753.902
---------------------------------------------------------------------------------
---------------------------------------------------------------------------------
Start Timing Optimization
---------------------------------------------------------------------------------
---------------------------------------------------------------------------------
Finished Timing Optimization : Time (s): cpu = 00:00:24 ; elapsed = 00:00:25 . Memory (MB): peak = 1289.508 ; gain = 753.902
---------------------------------------------------------------------------------
---------------------------------------------------------------------------------
Start Technology Mapping
---------------------------------------------------------------------------------
---------------------------------------------------------------------------------
Finished Technology Mapping : Time (s): cpu = 00:00:24 ; elapsed = 00:00:25 . Memory (MB): peak = 1299.172 ; gain = 763.566
---------------------------------------------------------------------------------
---------------------------------------------------------------------------------
Start IO Insertion
---------------------------------------------------------------------------------
---------------------------------------------------------------------------------
Start Flattening Before IO Insertion
---------------------------------------------------------------------------------
---------------------------------------------------------------------------------
Finished Flattening Before IO Insertion
---------------------------------------------------------------------------------
---------------------------------------------------------------------------------
Start Final Netlist Cleanup
---------------------------------------------------------------------------------
---------------------------------------------------------------------------------
Finished Final Netlist Cleanup
---------------------------------------------------------------------------------
---------------------------------------------------------------------------------
Finished IO Insertion : Time (s): cpu = 00:00:29 ; elapsed = 00:00:30 . Memory (MB): peak = 1515.832 ; gain = 980.227
---------------------------------------------------------------------------------
---------------------------------------------------------------------------------
Start Renaming Generated Instances
---------------------------------------------------------------------------------
---------------------------------------------------------------------------------
Finished Renaming Generated Instances : Time (s): cpu = 00:00:29 ; elapsed = 00:00:30 . Memory (MB): peak = 1515.832 ; gain = 980.227
---------------------------------------------------------------------------------
---------------------------------------------------------------------------------
Start Rebuilding User Hierarchy
---------------------------------------------------------------------------------
---------------------------------------------------------------------------------
Finished Rebuilding User Hierarchy : Time (s): cpu = 00:00:29 ; elapsed = 00:00:30 . Memory (MB): peak = 1515.832 ; gain = 980.227
---------------------------------------------------------------------------------
---------------------------------------------------------------------------------
Start Renaming Generated Ports
---------------------------------------------------------------------------------
---------------------------------------------------------------------------------
Finished Renaming Generated Ports : Time (s): cpu = 00:00:29 ; elapsed = 00:00:30 . Memory (MB): peak = 1515.832 ; gain = 980.227
---------------------------------------------------------------------------------
---------------------------------------------------------------------------------
Start Handling Custom Attributes
---------------------------------------------------------------------------------
---------------------------------------------------------------------------------
Finished Handling Custom Attributes : Time (s): cpu = 00:00:29 ; elapsed = 00:00:30 . Memory (MB): peak = 1515.832 ; gain = 980.227
---------------------------------------------------------------------------------
---------------------------------------------------------------------------------
Start Renaming Generated Nets
---------------------------------------------------------------------------------
---------------------------------------------------------------------------------
Finished Renaming Generated Nets : Time (s): cpu = 00:00:29 ; elapsed = 00:00:30 . Memory (MB): peak = 1515.832 ; gain = 980.227
---------------------------------------------------------------------------------
---------------------------------------------------------------------------------
Start Writing Synthesis Report
---------------------------------------------------------------------------------

Report BlackBoxes: 
+------+--------------------------+----------+
|      |BlackBox name             |Instances |
+------+--------------------------+----------+
|1     |Block_Test_MUX_2to1_0_4   |         1|
|2     |Block_Test_Switchmod_0_0  |         1|
|3     |Block_Test_UART_RXmod_0_0 |         1|
|4     |Block_Test_UART_RXmod_1_0 |         1|
|5     |Block_Test_UART_TXmod_0_0 |         1|
|6     |Block_Test_UART_TXmod_1_0 |         1|
+------+--------------------------+----------+

Report Cell Usage: 
+------+-------------------------------+------+
|      |Cell                           |Count |
+------+-------------------------------+------+
|1     |Block_Test_MUX_2to1_0_4_bbox   |     1|
|2     |Block_Test_Switchmod_0_0_bbox  |     1|
|3     |Block_Test_UART_RXmod_0_0_bbox |     1|
|4     |Block_Test_UART_RXmod_1_0_bbox |     1|
|5     |Block_Test_UART_TXmod_0_0_bbox |     1|
|6     |Block_Test_UART_TXmod_1_0_bbox |     1|
|7     |IBUF                           |     4|
|8     |OBUF                           |     5|
+------+-------------------------------+------+
---------------------------------------------------------------------------------
Finished Writing Synthesis Report : Time (s): cpu = 00:00:29 ; elapsed = 00:00:30 . Memory (MB): peak = 1515.832 ; gain = 980.227
---------------------------------------------------------------------------------
Synthesis finished with 0 errors, 0 critical warnings and 1 warnings.
Synthesis Optimization Runtime : Time (s): cpu = 00:00:20 ; elapsed = 00:00:28 . Memory (MB): peak = 1515.832 ; gain = 976.910
Synthesis Optimization Complete : Time (s): cpu = 00:00:29 ; elapsed = 00:00:30 . Memory (MB): peak = 1515.832 ; gain = 980.227
INFO: [Project 1-571] Translating synthesized netlist
Netlist sorting complete. Time (s): cpu = 00:00:00 ; elapsed = 00:00:00 . Memory (MB): peak = 1525.043 ; gain = 0.000
INFO: [Project 1-570] Preparing netlist for logic optimization
INFO: [Opt 31-138] Pushed 0 inverter(s) to 0 load pin(s).
Netlist sorting complete. Time (s): cpu = 00:00:00 ; elapsed = 00:00:00 . Memory (MB): peak = 1528.664 ; gain = 0.000
INFO: [Project 1-111] Unisim Transformation Summary:
No Unisim elements were transformed.

Synth Design complete | Checksum: fc59024
INFO: [Common 17-83] Releasing license: Synthesis
39 Infos, 2 Warnings, 0 Critical Warnings and 0 Errors encountered.
synth_design completed successfully
synth_design: Time (s): cpu = 00:00:32 ; elapsed = 00:00:44 . Memory (MB): peak = 1528.664 ; gain = 1185.039
Write ShapeDB Complete: Time (s): cpu = 00:00:00 ; elapsed = 00:00:00.001 . Memory (MB): peak = 1528.664 ; gain = 0.000
INFO: [Common 17-1381] The checkpoint 'D:/Code/GLITCH-Software/FPGA/UART/GNSS_and_UART/GNSS_and_UART.runs/synth_1/Block_Test_wrapper.dcp' has been generated.
INFO: [Vivado 12-24828] Executing command : report_utilization -file Block_Test_wrapper_utilization_synth.rpt -pb Block_Test_wrapper_utilization_synth.pb
INFO: [Common 17-206] Exiting Vivado at Tue Aug  5 17:12:01 2025...
